<?xml version="1.0" encoding="UTF-8"?>
<!-- Generated by org.testng.reporters.JUnitReportReporter -->
<testsuite skipped="0" hostname="G1291" name="Cards.BlockAndUnBlocCard" tests="1" failures="0" timestamp="2018-10-03T18:19:56 MSK" time="50.497" errors="0">
  <testcase name="BlockAndUnBloc" time="50.497" classname="Cards.BlockAndUnBlocCard"/>
</testsuite> <!-- Cards.BlockAndUnBlocCard -->
