<?xml version="1.0" encoding="UTF-8"?>
<!-- Generated by org.testng.reporters.JUnitReportReporter -->
<testsuite skipped="0" hostname="G1291" name="SideMenu.Offers" tests="1" failures="0" timestamp="2018-10-02T15:09:07 MSK" time="30.803" errors="0">
  <testcase name="offers" time="30.803" classname="SideMenu.Offers"/>
</testsuite> <!-- SideMenu.Offers -->
