<?xml version="1.0" encoding="UTF-8"?>
<!-- Generated by org.testng.reporters.JUnitReportReporter -->
<testsuite skipped="0" hostname="G1291" name="SideMenu.Settings" tests="1" failures="0" timestamp="2018-10-02T15:09:07 MSK" time="41.727" errors="0">
  <testcase name="settings" time="41.727" classname="SideMenu.Settings"/>
</testsuite> <!-- SideMenu.Settings -->
