<?xml version="1.0" encoding="UTF-8"?>
<!-- Generated by org.testng.reporters.JUnitReportReporter -->
<testsuite skipped="0" hostname="G1291" name="SideMenu.Contacts" tests="1" failures="0" timestamp="2018-10-02T15:09:07 MSK" time="33.033" errors="0">
  <testcase name="contacts" time="33.033" classname="SideMenu.Contacts"/>
</testsuite> <!-- SideMenu.Contacts -->
