<?xml version="1.0" encoding="UTF-8"?>
<!-- Generated by org.testng.reporters.JUnitReportReporter -->
<testsuite skipped="0" hostname="G1291" name="Cards.On3DSecure" tests="1" failures="0" timestamp="2018-10-02T15:09:07 MSK" time="46.672" errors="0">
  <testcase name="DSecure" time="46.672" classname="Cards.On3DSecure"/>
</testsuite> <!-- Cards.On3DSecure -->
