<?xml version="1.0" encoding="UTF-8"?>
<!-- Generated by org.testng.reporters.JUnitReportReporter -->
<testsuite skipped="0" hostname="G1291" name="HomeScreen.OpenTemplatesList" tests="2" failures="0" timestamp="2018-10-02T15:09:07 MSK" time="69.477" errors="0">
  <testcase name="TemplatesList" time="34.927" classname="HomeScreen.OpenTemplatesList"/>
  <testcase name="TemplatesList" time="34.550" classname="HomeScreen.OpenTemplatesList"/>
</testsuite> <!-- HomeScreen.OpenTemplatesList -->
