<?xml version="1.0" encoding="UTF-8"?>
<!-- Generated by org.testng.reporters.JUnitReportReporter -->
<testsuite skipped="0" hostname="G1291" name="SideMenu.SeeLogin" tests="1" failures="0" timestamp="2018-10-02T15:09:07 MSK" time="28.646" errors="0">
  <testcase name="see" time="28.646" classname="SideMenu.SeeLogin"/>
</testsuite> <!-- SideMenu.SeeLogin -->
