<?xml version="1.0" encoding="UTF-8"?>
<!-- Generated by org.testng.reporters.JUnitReportReporter -->
<testsuite skipped="0" hostname="G1291" name="SideMenu.Exit" tests="1" failures="0" timestamp="2018-10-02T15:09:07 MSK" time="33.230" errors="0">
  <testcase name="exit" time="33.230" classname="SideMenu.Exit"/>
</testsuite> <!-- SideMenu.Exit -->
